<?xml version="1.0" encoding="UTF-8"?>
<!-- Generated by org.testng.reporters.JUnitReportReporter -->
<testsuite hostname="INLEN8520087475" failures="0" tests="1" name="com.assesment.Tests" time="36.938" errors="0" timestamp="2023-01-09T16:35:40 IST" skipped="0">
  <testcase classname="com.assesment.Tests" name="s5" time="36.938"/>
  <system-out/>
</testsuite> <!-- com.assesment.Tests -->
