<?xml version="1.0" encoding="UTF-8"?>
<!-- Generated by org.testng.reporters.JUnitReportReporter -->
<testsuite hostname="INLEN8520087475" failures="0" tests="1" name="com.assesment.TestCase" time="47.230" errors="0" timestamp="2023-01-09T18:37:12 IST" skipped="0">
  <testcase classname="com.assesment.TestCase" name="checkBag" time="47.230"/>
  <system-out/>
</testsuite> <!-- com.assesment.TestCase -->
